102.02.19 11:37 B C:\QCCWeb\INTRO_TEXT\images\aristo2.jpg --> www2.sunysuffolk.edu /pecorip/SCCCWEB/ETEXTS/INTRO_TEXT/IMAGES aristo2.jpg
102.02.19 11:37 B C:\QCCWeb\INTRO_TEXT\images\flat_earth.gif --> www2.sunysuffolk.edu /pecorip/SCCCWEB/ETEXTS/INTRO_TEXT/IMAGES flat_earth.gif
102.02.19 11:37 B C:\QCCWeb\INTRO_TEXT\images\flat_earth_dome.gif --> www2.sunysuffolk.edu /pecorip/SCCCWEB/ETEXTS/INTRO_TEXT/IMAGES flat_earth_dome.gif
102.02.19 11:37 B C:\QCCWeb\INTRO_TEXT\images\plato5.gif --> www2.sunysuffolk.edu /pecorip/SCCCWEB/ETEXTS/INTRO_TEXT/IMAGES plato5.gif
102.02.19 11:37 B C:\QCCWeb\INTRO_TEXT\images\platygaean_Info.gif --> www2.sunysuffolk.edu /pecorip/SCCCWEB/ETEXTS/INTRO_TEXT/IMAGES platygaean_Info.gif
102.02.19 11:37 B C:\QCCWeb\INTRO_TEXT\images\socra2.gif --> www2.sunysuffolk.edu /pecorip/SCCCWEB/ETEXTS/INTRO_TEXT/IMAGES socra2.gif
102.02.19 11:37 B C:\QCCWeb\INTRO_TEXT\images\socrates.jpg --> www2.sunysuffolk.edu /pecorip/SCCCWEB/ETEXTS/INTRO_TEXT/IMAGES socrates.jpg
103.05.08 20:44 B C:\QCCWEB\INTRO_TEXT\images\Gravity-book.MPG --> www2.sunysuffolk.edu /pecorip/SCCCWEB/INTRO_TEXT/images Gravity-book.MPG
103.05.08 20:47 B C:\QCCWEB\INTRO_TEXT\images\Gravity-book.MPG --> www2.sunysuffolk.edu /pecorip/SCCCWEB/ETEXTS/INTRO_TEXT/IMAGES Gravity-book.MPG
103.10.26 12:35 B C:\QCCWeb\INTRO_TEXT\images\miracle-vmary-tree.jpg --> www2.sunysuffolk.edu /pecorip/SCCCWEB/INTRO_TEXT/images miracle-vmary-tree.jpg
103.10.26 12:35 B C:\QCCWeb\INTRO_TEXT\images\Einstein.jpg --> www2.sunysuffolk.edu /pecorip/SCCCWEB/INTRO_TEXT/images Einstein.jpg
103.10.26 12:35 B C:\QCCWeb\INTRO_TEXT\images\string-Kachru-Gross-Linde.jpg --> www2.sunysuffolk.edu /pecorip/SCCCWEB/INTRO_TEXT/images string-Kachru-Gross-Linde.jpg
103.10.26 12:35 B C:\QCCWeb\INTRO_TEXT\images\miracle-vmary-tree.jpg --> www2.sunysuffolk.edu /pecorip/SCCCWEB/ETEXTS/INTRO_TEXT/IMAGES miracle-vmary-tree.jpg
103.10.26 12:35 B C:\QCCWeb\INTRO_TEXT\images\Einstein.jpg --> www2.sunysuffolk.edu /pecorip/SCCCWEB/ETEXTS/INTRO_TEXT/IMAGES Einstein.jpg
103.10.26 12:35 B C:\QCCWeb\INTRO_TEXT\images\string-Kachru-Gross-Linde.jpg --> www2.sunysuffolk.edu /pecorip/SCCCWEB/ETEXTS/INTRO_TEXT/IMAGES string-Kachru-Gross-Linde.jpg
103.11.14 18:16 B C:\QCCWeb\INTRO_TEXT\images\aeschylus.gif --> www2.sunysuffolk.edu /pecorip/SCCCWEB/INTRO_TEXT/images aeschylus.gif
103.11.14 18:16 B C:\QCCWeb\INTRO_TEXT\images\aristophanes.gif --> www2.sunysuffolk.edu /pecorip/SCCCWEB/INTRO_TEXT/images aristophanes.gif
103.11.14 18:16 B C:\QCCWeb\INTRO_TEXT\images\dewey_john.jpg --> www2.sunysuffolk.edu /pecorip/SCCCWEB/INTRO_TEXT/images dewey_john.jpg
103.11.14 18:16 B C:\QCCWeb\INTRO_TEXT\images\euripides.gif --> www2.sunysuffolk.edu /pecorip/SCCCWEB/INTRO_TEXT/images euripides.gif
103.11.14 18:16 B C:\QCCWeb\INTRO_TEXT\images\platygaean_Info.gif --> www2.sunysuffolk.edu /pecorip/SCCCWEB/INTRO_TEXT/images platygaean_Info.gif
103.11.14 18:16 B C:\QCCWeb\INTRO_TEXT\images\rawls.jpg --> www2.sunysuffolk.edu /pecorip/SCCCWEB/INTRO_TEXT/images rawls.jpg
103.11.14 18:16 B C:\QCCWeb\INTRO_TEXT\images\Rawls2.jpg --> www2.sunysuffolk.edu /pecorip/SCCCWEB/INTRO_TEXT/images Rawls2.jpg
103.11.14 18:16 B C:\QCCWeb\INTRO_TEXT\images\repstru.jpg --> www2.sunysuffolk.edu /pecorip/SCCCWEB/INTRO_TEXT/images repstru.jpg
103.11.14 18:16 B C:\QCCWeb\INTRO_TEXT\images\rousseau.jpg --> www2.sunysuffolk.edu /pecorip/SCCCWEB/INTRO_TEXT/images rousseau.jpg
103.11.14 18:16 B C:\QCCWeb\INTRO_TEXT\images\sophocles.gif --> www2.sunysuffolk.edu /pecorip/SCCCWEB/INTRO_TEXT/images sophocles.gif
103.11.14 18:16 B C:\QCCWeb\INTRO_TEXT\images\string-Kachru-Gross-Linde.jpg --> www2.sunysuffolk.edu /pecorip/SCCCWEB/INTRO_TEXT/images string-Kachru-Gross-Linde.jpg
103.11.14 18:16 B C:\QCCWeb\INTRO_TEXT\images\thinker.jpg --> www2.sunysuffolk.edu /pecorip/SCCCWEB/INTRO_TEXT/images thinker.jpg
103.11.14 18:16 B C:\QCCWeb\INTRO_TEXT\images\thinker2.jpg --> www2.sunysuffolk.edu /pecorip/SCCCWEB/INTRO_TEXT/images thinker2.jpg
103.11.14 18:17 B C:\QCCWeb\INTRO_TEXT\images\aeschylus.gif --> www2.sunysuffolk.edu /pecorip/SCCCWEB/ETEXTS/INTRO_TEXT/IMAGES aeschylus.gif
103.11.14 18:17 B C:\QCCWeb\INTRO_TEXT\images\aristophanes.gif --> www2.sunysuffolk.edu /pecorip/SCCCWEB/ETEXTS/INTRO_TEXT/IMAGES aristophanes.gif
103.11.14 18:17 B C:\QCCWeb\INTRO_TEXT\images\dewey_john.jpg --> www2.sunysuffolk.edu /pecorip/SCCCWEB/ETEXTS/INTRO_TEXT/IMAGES dewey_john.jpg
103.11.14 18:17 B C:\QCCWeb\INTRO_TEXT\images\euripides.gif --> www2.sunysuffolk.edu /pecorip/SCCCWEB/ETEXTS/INTRO_TEXT/IMAGES euripides.gif
103.11.14 18:17 B C:\QCCWeb\INTRO_TEXT\images\platygaean_Info.gif --> www2.sunysuffolk.edu /pecorip/SCCCWEB/ETEXTS/INTRO_TEXT/IMAGES platygaean_Info.gif
103.11.14 18:17 B C:\QCCWeb\INTRO_TEXT\images\rawls.jpg --> www2.sunysuffolk.edu /pecorip/SCCCWEB/ETEXTS/INTRO_TEXT/IMAGES rawls.jpg
103.11.14 18:17 B C:\QCCWeb\INTRO_TEXT\images\Rawls2.jpg --> www2.sunysuffolk.edu /pecorip/SCCCWEB/ETEXTS/INTRO_TEXT/IMAGES Rawls2.jpg
103.11.14 18:17 B C:\QCCWeb\INTRO_TEXT\images\repstru.jpg --> www2.sunysuffolk.edu /pecorip/SCCCWEB/ETEXTS/INTRO_TEXT/IMAGES repstru.jpg
103.11.14 18:17 B C:\QCCWeb\INTRO_TEXT\images\rousseau.jpg --> www2.sunysuffolk.edu /pecorip/SCCCWEB/ETEXTS/INTRO_TEXT/IMAGES rousseau.jpg
103.11.14 18:17 B C:\QCCWeb\INTRO_TEXT\images\sophocles.gif --> www2.sunysuffolk.edu /pecorip/SCCCWEB/ETEXTS/INTRO_TEXT/IMAGES sophocles.gif
103.11.14 18:17 B C:\QCCWeb\INTRO_TEXT\images\string-Kachru-Gross-Linde.jpg --> www2.sunysuffolk.edu /pecorip/SCCCWEB/ETEXTS/INTRO_TEXT/IMAGES string-Kachru-Gross-Linde.jpg
103.11.14 18:17 B C:\QCCWeb\INTRO_TEXT\images\thinker.jpg --> www2.sunysuffolk.edu /pecorip/SCCCWEB/ETEXTS/INTRO_TEXT/IMAGES thinker.jpg
103.11.14 18:17 B C:\QCCWeb\INTRO_TEXT\images\thinker2.jpg --> www2.sunysuffolk.edu /pecorip/SCCCWEB/ETEXTS/INTRO_TEXT/IMAGES thinker2.jpg
105.07.05 12:04 B C:\QCCWeb\INTRO_TEXT\images\wisdom7.jpg --> www2.sunysuffolk.edu /pecorip/SCCCWEB/INTRO_TEXT/images wisdom7.jpg
105.07.05 12:05 B C:\QCCWeb\INTRO_TEXT\images\wisdom7.jpg --> www2.sunysuffolk.edu /pecorip/SCCCWEB/ETEXTS/INTRO_TEXT/IMAGES wisdom7.jpg
